<?xml version="1.0" encoding="UTF-8"?>
<!-- Generated by org.testng.reporters.JUnitReportReporter -->
<testsuite hostname="HP" failures="0" tests="1" name="testscript.SearchUserPageTest" time="5.075" errors="0" timestamp="2025-03-24T14:41:45 IST" skipped="0">
  <testcase classname="testscript.SearchUserPageTest" name="verifyWhetherSearchResultsAreDisplayed" time="5.075"/>
</testsuite> <!-- testscript.SearchUserPageTest -->
