<?xml version="1.0" encoding="UTF-8"?>
<!-- Generated by org.testng.reporters.JUnitReportReporter -->
<testsuite hostname="HP" failures="0" tests="1" name="testscript.AdminUserPageTest" time="3.946" errors="0" timestamp="2025-03-24T11:41:43 IST" skipped="0">
  <testcase classname="testscript.AdminUserPageTest" name="verifyClickOnMoreInfoLinkRedirectstoAdminUserPage" time="3.946"/>
</testsuite> <!-- testscript.AdminUserPageTest -->
