<?xml version="1.0" encoding="UTF-8"?>
<!-- Generated by org.testng.reporters.JUnitReportReporter -->
<testsuite hostname="HP" failures="0" tests="1" name="testscript.AddCategoryPageTest" time="4.982" errors="0" timestamp="2025-04-04T11:45:15 IST" skipped="0">
  <testcase classname="testscript.AddCategoryPageTest" name="verifyUsercanAddCategory" time="4.982"/>
</testsuite> <!-- testscript.AddCategoryPageTest -->
