<?xml version="1.0" encoding="UTF-8"?>
<!-- Generated by org.testng.reporters.JUnitReportReporter -->
<testsuite hostname="HP" failures="0" tests="1" name="testscript.EditCategoryPageTest" time="4.601" errors="0" timestamp="2025-03-24T12:44:24 IST" skipped="0">
  <testcase classname="testscript.EditCategoryPageTest" name="verifyIfUserCanEditCategoryPage" time="4.601"/>
</testsuite> <!-- testscript.EditCategoryPageTest -->
