<?xml version="1.0" encoding="UTF-8"?>
<!-- Generated by org.testng.reporters.JUnitReportReporter -->
<testsuite hostname="HP" failures="0" tests="1" name="testscript.HomePageTest" time="4.363" errors="0" timestamp="2025-03-24T14:41:45 IST" skipped="0">
  <testcase classname="testscript.HomePageTest" name="verifyWhetherUsercanLogout" time="4.363"/>
</testsuite> <!-- testscript.HomePageTest -->
