<?xml version="1.0" encoding="UTF-8"?>
<!-- Generated by org.testng.reporters.JUnitReportReporter -->
<testsuite hostname="HP" failures="0" tests="1" name="testscript.UpdateContactUsPageTest" time="7.131" errors="0" timestamp="2025-03-24T14:41:45 IST" skipped="0">
  <testcase classname="testscript.UpdateContactUsPageTest" name="verifyIfUserCanEditContactDetails" time="7.131"/>
</testsuite> <!-- testscript.UpdateContactUsPageTest -->
