<?xml version="1.0" encoding="UTF-8"?>
<!-- Generated by org.testng.reporters.JUnitReportReporter -->
<testsuite hostname="HP" failures="0" tests="1" name="testscript.UpdateSubCategoryPageTest" time="4.575" errors="0" timestamp="2025-03-29T13:05:04 IST" skipped="0">
  <testcase classname="testscript.UpdateSubCategoryPageTest" name="verifyIfUserCanUpdateSubCategory" time="4.575"/>
</testsuite> <!-- testscript.UpdateSubCategoryPageTest -->
