<?xml version="1.0" encoding="UTF-8"?>
<!-- Generated by org.testng.reporters.JUnitReportReporter -->
<testsuite hostname="HP" failures="0" tests="1" name="testscript.DeleteUserPageTest" time="4.466" errors="0" timestamp="2025-03-24T14:41:45 IST" skipped="0">
  <testcase classname="testscript.DeleteUserPageTest" name="verifyIfUserCanBeDeleted" time="4.466"/>
</testsuite> <!-- testscript.DeleteUserPageTest -->
