<?xml version="1.0" encoding="UTF-8"?>
<!-- Generated by org.testng.reporters.JUnitReportReporter -->
<testsuite hostname="HP" failures="0" tests="1" name="testscript.UpdateCategoryPageTest" time="4.888" errors="0" timestamp="2025-03-24T14:41:45 IST" skipped="0">
  <testcase classname="testscript.UpdateCategoryPageTest" name="verifyIfUserCanEditCategoryPage" time="4.888"/>
</testsuite> <!-- testscript.UpdateCategoryPageTest -->
