<?xml version="1.0" encoding="UTF-8"?>
<!-- Generated by org.testng.reporters.JUnitReportReporter -->
<testsuite hostname="HP" failures="0" tests="1" name="testscript.ResetPageTest" time="4.503" errors="0" timestamp="2025-03-24T14:41:45 IST" skipped="0">
  <testcase classname="testscript.ResetPageTest" name="verifyWhetherClickOnResetButtonisResettingfields" time="4.503"/>
</testsuite> <!-- testscript.ResetPageTest -->
