<?xml version="1.0" encoding="UTF-8"?>
<!-- Generated by org.testng.reporters.JUnitReportReporter -->
<testsuite hostname="HP" failures="0" tests="1" name="testscript.AddNewSubCategoryPageTest" time="5.659" errors="0" timestamp="2025-03-24T14:41:45 IST" skipped="0">
  <testcase classname="testscript.AddNewSubCategoryPageTest" name="verifyIfNewSubCategoryCanBeAdded" time="5.659"/>
</testsuite> <!-- testscript.AddNewSubCategoryPageTest -->
