<?xml version="1.0" encoding="UTF-8"?>
<!-- Generated by org.testng.reporters.JUnitReportReporter -->
<testsuite hostname="HP" failures="0" tests="1" name="testscript.ManageProductPageTest" time="4.438" errors="0" timestamp="2025-03-29T10:46:00 IST" skipped="0">
  <testcase classname="testscript.ManageProductPageTest" name="checkWhetherUserCanAddNewProduct" time="4.438"/>
</testsuite> <!-- testscript.ManageProductPageTest -->
